2025-03-15 16:02:54,833 - WasteSorterDashboard - INFO - Database initialized successfully
2025-03-15 16:02:54,833 - WasteSorterDashboard - INFO - Database checked and initialized
2025-03-15 16:02:54,842 - werkzeug - WARNING -  * Debugger is active!
2025-03-15 16:02:54,845 - werkzeug - INFO -  * Debugger PIN: 300-238-464
2025-03-15 16:02:54,951 - WasteSorterDashboard - INFO - Database initialized successfully
2025-03-15 16:02:54,951 - WasteSorterDashboard - INFO - Database checked and initialized
2025-03-15 16:02:54,959 - werkzeug - WARNING -  * Debugger is active!
2025-03-15 16:02:54,961 - werkzeug - INFO -  * Debugger PIN: 300-238-464
2025-03-15 17:18:46,216 - werkzeug - INFO -  * Detected change in 'S:\\Carleton\\y8\\cuHacking\\upload_sort_data.py', reloading
2025-03-15 17:18:46,227 - werkzeug - INFO -  * Detected change in 'S:\\Carleton\\y8\\cuHacking\\upload_sort_data.py', reloading
2025-03-15 17:18:46,802 - WasteSorterDashboard - INFO - Database initialized successfully
2025-03-15 17:18:46,803 - WasteSorterDashboard - INFO - Database checked and initialized
2025-03-15 17:18:46,812 - WasteSorterDashboard - INFO - Database initialized successfully
2025-03-15 17:18:46,812 - WasteSorterDashboard - INFO - Database checked and initialized
2025-03-15 17:18:46,814 - werkzeug - WARNING -  * Debugger is active!
2025-03-15 17:18:46,817 - werkzeug - INFO -  * Debugger PIN: 300-238-464
2025-03-15 17:18:46,823 - werkzeug - WARNING -  * Debugger is active!
2025-03-15 17:18:46,826 - werkzeug - INFO -  * Debugger PIN: 300-238-464
2025-03-15 18:53:30,744 - werkzeug - INFO -  * Detected change in 'S:\\Carleton\\y8\\cuHacking\\upload_sort_data.py', reloading
2025-03-15 18:53:30,948 - werkzeug - INFO -  * Detected change in 'S:\\Carleton\\y8\\cuHacking\\upload_sort_data.py', reloading
2025-03-15 18:53:31,396 - WasteSorterDashboard - INFO - Database initialized successfully
2025-03-15 18:53:31,397 - WasteSorterDashboard - INFO - Database checked and initialized
2025-03-15 18:53:31,411 - werkzeug - WARNING -  * Debugger is active!
2025-03-15 18:53:31,424 - werkzeug - INFO -  * Debugger PIN: 300-238-464
2025-03-15 18:53:31,581 - WasteSorterDashboard - INFO - Database initialized successfully
2025-03-15 18:53:31,582 - WasteSorterDashboard - INFO - Database checked and initialized
2025-03-15 18:53:31,599 - werkzeug - WARNING -  * Debugger is active!
2025-03-15 18:53:31,602 - werkzeug - INFO -  * Debugger PIN: 300-238-464
2025-03-15 18:57:59,382 - werkzeug - INFO -  * Detected change in 'S:\\Carleton\\y8\\cuHacking\\upload_sort_data.py', reloading
2025-03-15 18:57:59,443 - werkzeug - INFO -  * Detected change in 'S:\\Carleton\\y8\\cuHacking\\upload_sort_data.py', reloading
2025-03-15 18:58:00,238 - WasteSorterDashboard - INFO - Database initialized successfully
2025-03-15 18:58:00,239 - WasteSorterDashboard - INFO - Database checked and initialized
2025-03-15 18:58:00,256 - werkzeug - WARNING -  * Debugger is active!
2025-03-15 18:58:00,259 - werkzeug - INFO -  * Debugger PIN: 300-238-464
2025-03-15 18:58:00,276 - WasteSorterDashboard - INFO - Database initialized successfully
2025-03-15 18:58:00,276 - WasteSorterDashboard - INFO - Database checked and initialized
2025-03-15 18:58:00,291 - werkzeug - WARNING -  * Debugger is active!
2025-03-15 18:58:00,295 - werkzeug - INFO -  * Debugger PIN: 300-238-464
2025-03-15 18:58:01,291 - werkzeug - INFO -  * Detected change in 'S:\\Carleton\\y8\\cuHacking\\upload_sort_data.py', reloading
2025-03-15 18:58:01,324 - werkzeug - INFO -  * Detected change in 'S:\\Carleton\\y8\\cuHacking\\upload_sort_data.py', reloading
2025-03-15 18:58:02,374 - WasteSorterDashboard - INFO - Database initialized successfully
2025-03-15 18:58:02,374 - WasteSorterDashboard - INFO - Database checked and initialized
2025-03-15 18:58:02,389 - WasteSorterDashboard - INFO - Database initialized successfully
2025-03-15 18:58:02,389 - WasteSorterDashboard - INFO - Database checked and initialized
2025-03-15 18:58:02,396 - werkzeug - WARNING -  * Debugger is active!
2025-03-15 18:58:02,400 - werkzeug - INFO -  * Debugger PIN: 300-238-464
2025-03-15 18:58:02,411 - werkzeug - WARNING -  * Debugger is active!
2025-03-15 18:58:02,416 - werkzeug - INFO -  * Debugger PIN: 300-238-464
